U:\E4FI\OPENGL_2\TPS\STARTINGCODE\MYPROJ\DEBUG\MYPROJ.PCH
U:\E4FI\OPENGL_2\TPS\STARTINGCODE\MYPROJ\DEBUG\STDAFX.OBJ
U:\E4FI\OPENGL_2\TPS\STARTINGCODE\MYPROJ\DEBUG\VC110.PDB
U:\E4FI\OPENGL_2\TPS\STARTINGCODE\MYPROJ\DEBUG\MAIN.OBJ
U:\E4FI\OPENGL_2\TPS\STARTINGCODE\MYPROJ\DEBUG\MYPROJ.OBJ
U:\E4FI\OPENGL_2\TPS\STARTINGCODE\MYPROJ\DEBUG\MYTEXTURE.OBJ
U:\E4FI\OPENGL_2\TPS\STARTINGCODE\MYPROJ\DEBUG\POINT3D.OBJ
U:\E4FI\OPENGL_2\TPS\STARTINGCODE\MYPROJ\DEBUG\SHADERS.OBJ
U:\E4FI\OPENGL_2\TPS\STARTINGCODE\MYPROJ\DEBUG\VECTOR3D.OBJ
U:\E4FI\openGL_2\TPs\startingcode\myproj\Debug\stdafx.obj
U:\E4FI\openGL_2\TPs\startingcode\myproj\Debug\main.obj
U:\E4FI\openGL_2\TPs\startingcode\myproj\Debug\myproj.obj
U:\E4FI\openGL_2\TPs\startingcode\myproj\Debug\myTexture.obj
U:\E4FI\openGL_2\TPs\startingcode\myproj\Debug\point3d.obj
U:\E4FI\openGL_2\TPs\startingcode\myproj\Debug\shaders.obj
U:\E4FI\openGL_2\TPs\startingcode\myproj\Debug\vector3d.obj
U:\E4FI\openGL_2\TPs\startingcode\myproj\Debug\CL.read.1.tlog
U:\E4FI\openGL_2\TPs\startingcode\myproj\Debug\CL.write.1.tlog
U:\E4FI\openGL_2\TPs\startingcode\myproj\Debug\cl.command.1.tlog
U:\E4FI\openGL_2\TPs\startingcode\myproj\Debug\link-rc.read.1.tlog
U:\E4FI\openGL_2\TPs\startingcode\myproj\Debug\link-rc.write.1.tlog
U:\E4FI\openGL_2\TPs\startingcode\myproj\Debug\link-cvtres.read.1.tlog
U:\E4FI\openGL_2\TPs\startingcode\myproj\Debug\link-cvtres.write.1.tlog
U:\E4FI\openGL_2\TPs\startingcode\myproj\Debug\link.read.1.tlog
U:\E4FI\openGL_2\TPs\startingcode\myproj\Debug\link.write.1.tlog
U:\E4FI\openGL_2\TPs\startingcode\myproj\Debug\link.command.1.tlog
U:\E4FI\openGL_2\TPs\startingcode\myproj\Debug\myproj.pch
U:\E4FI\openGL_2\TPs\startingcode\myproj\Debug\vc110.idb
U:\E4FI\openGL_2\TPs\startingcode\myproj\Debug\vc110.pdb
U:\E4FI\openGL_2\TPs\startingcode\Debug\myproj.pdb
