Build started 08/04/2016 11:47:53.
     1>Project "U:\E4FI\openGL_2\TPs\startingcode\myproj\myproj.vcxproj" on node 2 (Build target(s)).
       Project file contains ToolsVersion="14.0". This toolset may be unknown or missing, in which case you may be able to resolve this by installing the appropriate version of MSBuild, or the build may have been forced to a particular ToolsVersion for policy reasons. Treating the project as if it had ToolsVersion="4.0". For more information, please see http://go.microsoft.com/fwlink/?LinkId=291333.
     1>ClCompile:
         C:\Program Files (x86)\Microsoft Visual Studio 11.0\VC\bin\CL.exe /c /ZI /nologo /W3 /WX- /Od /Oy- /D WIN32 /D _DEBUG /D _CONSOLE /D _UNICODE /D UNICODE /Gm /EHsc /RTC1 /MDd /GS /fp:precise /Zc:wchar_t /Zc:forScope /Yu"stdafx.h" /Fp"Debug\myproj.pch" /Fo"Debug\\" /Fd"Debug\vc110.pdb" /Gd /TP /analyze- /errorReport:prompt main.cpp
         main.cpp
     1>u:\e4fi\opengl_2\tps\startingcode\myproj\myobject3d.h(84): warning C4244: 'argument' : conversion from 'double' to 'const float', possible loss of data
     1>u:\e4fi\opengl_2\tps\startingcode\myproj\myobject3d.h(85): warning C4244: 'argument' : conversion from 'double' to 'const float', possible loss of data
     1>u:\e4fi\opengl_2\tps\startingcode\myproj\myobject3d.h(86): warning C4244: 'argument' : conversion from 'double' to 'const float', possible loss of data
     1>u:\e4fi\opengl_2\tps\startingcode\myproj\myobject3d.h(138): warning C4244: '=' : conversion from 'double' to 'float', possible loss of data
     1>u:\e4fi\opengl_2\tps\startingcode\myproj\myobject3d.h(142): warning C4244: '=' : conversion from 'double' to 'float', possible loss of data
     1>u:\e4fi\opengl_2\tps\startingcode\myproj\myobject3d.h(146): warning C4244: '=' : conversion from 'double' to 'float', possible loss of data
     1>u:\e4fi\opengl_2\tps\startingcode\myproj\myobject3d.h(229): warning C4101: 'k' : unreferenced local variable
     1>u:\e4fi\opengl_2\tps\startingcode\myproj\myobject3d.h(276): warning C4244: '=' : conversion from 'double' to 'float', possible loss of data
     1>u:\e4fi\opengl_2\tps\startingcode\myproj\myobject3d.h(277): warning C4244: '=' : conversion from 'double' to 'float', possible loss of data
     1>u:\e4fi\opengl_2\tps\startingcode\myproj\myobject3d.h(278): warning C4244: '=' : conversion from 'double' to 'float', possible loss of data
     1>u:\e4fi\opengl_2\tps\startingcode\myproj\myobject3d.h(368): warning C4018: '<' : signed/unsigned mismatch
     1>u:\e4fi\opengl_2\tps\startingcode\myproj\myobject3d.h(380): warning C4018: '<' : signed/unsigned mismatch
     1>u:\e4fi\opengl_2\tps\startingcode\myproj\myobject3d.h(385): warning C4244: 'argument' : conversion from 'double' to 'GLfloat', possible loss of data
     1>u:\e4fi\opengl_2\tps\startingcode\myproj\myobject3d.h(430): warning C4244: '-=' : conversion from 'double' to 'float', possible loss of data
     1>u:\e4fi\opengl_2\tps\startingcode\myproj\myobject3d.h(431): warning C4244: '-=' : conversion from 'double' to 'float', possible loss of data
     1>u:\e4fi\opengl_2\tps\startingcode\myproj\myobject3d.h(432): warning C4244: '-=' : conversion from 'double' to 'float', possible loss of data
     1>u:\e4fi\opengl_2\tps\startingcode\myproj\myobject3d.h(434): warning C4244: '/=' : conversion from 'double' to 'float', possible loss of data
     1>u:\e4fi\opengl_2\tps\startingcode\myproj\myobject3d.h(435): warning C4244: '/=' : conversion from 'double' to 'float', possible loss of data
     1>u:\e4fi\opengl_2\tps\startingcode\myproj\myobject3d.h(436): warning C4244: '/=' : conversion from 'double' to 'float', possible loss of data
     1>u:\e4fi\opengl_2\tps\startingcode\myproj\myobject3d.h(442): warning C4018: '<' : signed/unsigned mismatch
     1>u:\e4fi\opengl_2\tps\startingcode\myproj\myobject3d.h(448): warning C4018: '<' : signed/unsigned mismatch
     1>u:\e4fi\opengl_2\tps\startingcode\myproj\myobject3d.h(454): warning C4018: '<' : signed/unsigned mismatch
     1>u:\e4fi\opengl_2\tps\startingcode\myproj\myobject3d.h(460): warning C4018: '<' : signed/unsigned mismatch
     1>u:\e4fi\opengl_2\tps\startingcode\myproj\main.cpp(32): warning C4305: 'initializing' : truncation from 'double' to 'float'
     1>u:\e4fi\opengl_2\tps\startingcode\myproj\main.cpp(55): warning C4305: 'initializing' : truncation from 'double' to 'GLfloat'
     1>u:\e4fi\opengl_2\tps\startingcode\myproj\main.cpp(275): warning C4305: 'argument' : truncation from 'double' to 'GLclampf'
         GLM: perspective function taking degrees as a parameter is deprecated. #define GLM_FORCE_RADIANS before including GLM headers to remove this message.
         GLM: rotate function taking degrees as a parameter is deprecated. #define GLM_FORCE_RADIANS before including GLM headers to remove this message.
       Link:
         C:\Program Files (x86)\Microsoft Visual Studio 11.0\VC\bin\link.exe /ERRORREPORT:PROMPT /OUT:"U:\E4FI\openGL_2\TPs\startingcode\Debug\myproj.exe" /INCREMENTAL /NOLOGO freeglut.lib glu32.lib opengl32.lib glew32.lib kernel32.lib user32.lib gdi32.lib winspool.lib comdlg32.lib advapi32.lib shell32.lib ole32.lib oleaut32.lib uuid.lib odbc32.lib odbccp32.lib /MANIFEST /MANIFESTUAC:"level='asInvoker' uiAccess='false'" /manifest:embed /DEBUG /PDB:"U:\E4FI\openGL_2\TPs\startingcode\Debug\myproj.pdb" /SUBSYSTEM:CONSOLE /TLBID:1 /DYNAMICBASE /NXCOMPAT /IMPLIB:"U:\E4FI\openGL_2\TPs\startingcode\Debug\myproj.lib" /MACHINE:X86 Debug\main.obj
         Debug\myMaterial.obj
         Debug\myproj.obj
         Debug\myTexture.obj
         Debug\point3d.obj
         Debug\shaders.obj
         Debug\stdafx.obj
         Debug\vector3d.obj
         myproj.vcxproj -> U:\E4FI\openGL_2\TPs\startingcode\Debug\myproj.exe
     1>Done Building Project "U:\E4FI\openGL_2\TPs\startingcode\myproj\myproj.vcxproj" (Build target(s)).

Build succeeded.

Time Elapsed 00:00:19.53
