c:\users\nabil\dropbox\esiee - in5i11\mycode\tp3\myproj\release\myproj.pch
c:\users\nabil\dropbox\esiee - in5i11\mycode\tp3\myproj\release\stdafx.obj
c:\users\nabil\dropbox\esiee - in5i11\mycode\tp3\myproj\release\vc100.pdb
c:\users\nabil\dropbox\esiee - in5i11\mycode\tp3\myproj\release\vector3d.obj
c:\users\nabil\dropbox\esiee - in5i11\mycode\tp3\myproj\release\shaders.obj
c:\users\nabil\dropbox\esiee - in5i11\mycode\tp3\myproj\release\point3d.obj
c:\users\nabil\dropbox\esiee - in5i11\mycode\tp3\myproj\release\myproj.obj
c:\users\nabil\dropbox\esiee - in5i11\mycode\tp3\myproj\release\main.obj
c:\users\nabil\dropbox\esiee - in5i11\mycode\tp4\myproj\release\myproj.pch
c:\users\nabil\dropbox\esiee - in5i11\mycode\tp4\myproj\release\stdafx.obj
c:\users\nabil\dropbox\esiee - in5i11\mycode\tp4\myproj\release\vc100.pdb
c:\users\nabil\dropbox\esiee - in5i11\mycode\tp4\myproj\release\vector3d.obj
c:\users\nabil\dropbox\esiee - in5i11\mycode\tp4\myproj\release\shaders.obj
c:\users\nabil\dropbox\esiee - in5i11\mycode\tp4\myproj\release\point3d.obj
c:\users\nabil\dropbox\esiee - in5i11\mycode\tp4\myproj\release\myproj.obj
c:\users\nabil\dropbox\esiee - in5i11\mycode\tp4\myproj\release\main.obj
c:\users\nabil\dropbox\esiee - in5i11\mycode\tp4-(reading scenes, texture, shading)\myproj\release\myproj.pch
c:\users\nabil\dropbox\esiee - in5i11\mycode\tp4-(reading scenes, texture, shading)\myproj\release\stdafx.obj
c:\users\nabil\dropbox\esiee - in5i11\mycode\tp4-(reading scenes, texture, shading)\myproj\release\vc100.pdb
c:\users\nabil\dropbox\esiee - in5i11\mycode\tp4-(reading scenes, texture, shading)\myproj\release\vector3d.obj
c:\users\nabil\dropbox\esiee - in5i11\mycode\tp4-(reading scenes, texture, shading)\myproj\release\shaders.obj
c:\users\nabil\dropbox\esiee - in5i11\mycode\tp4-(reading scenes, texture, shading)\myproj\release\point3d.obj
c:\users\nabil\dropbox\esiee - in5i11\mycode\tp4-(reading scenes, texture, shading)\myproj\release\myproj.obj
c:\users\nabil\dropbox\esiee - in5i11\mycode\tp4-(reading scenes, texture, shading)\myproj\release\main.obj
c:\users\nabil\dropbox\esiee - in5i11\lecture 1\sample code\myproj\release\myproj.pch
c:\users\nabil\dropbox\esiee - in5i11\lecture 1\sample code\myproj\release\stdafx.obj
c:\users\nabil\dropbox\esiee - in5i11\lecture 1\sample code\myproj\release\vc100.pdb
c:\users\nabil\dropbox\esiee - in5i11\lecture 1\sample code\myproj\release\vector3d.obj
c:\users\nabil\dropbox\esiee - in5i11\lecture 1\sample code\myproj\release\shaders.obj
c:\users\nabil\dropbox\esiee - in5i11\lecture 1\sample code\myproj\release\point3d.obj
c:\users\nabil\dropbox\esiee - in5i11\lecture 1\sample code\myproj\release\myproj.obj
c:\users\nabil\dropbox\esiee - in5i11\lecture 1\sample code\myproj\release\main.obj
c:\users\nabil\dropbox\esiee - in5i11\lecture 2\sample code\myproj\release\myproj.pch
c:\users\nabil\dropbox\esiee - in5i11\lecture 2\sample code\myproj\release\stdafx.obj
c:\users\nabil\dropbox\esiee - in5i11\lecture 2\sample code\myproj\release\vc100.pdb
c:\users\nabil\dropbox\esiee - in5i11\lecture 2\sample code\myproj\release\vector3d.obj
c:\users\nabil\dropbox\esiee - in5i11\lecture 2\sample code\myproj\release\shaders.obj
c:\users\nabil\dropbox\esiee - in5i11\lecture 2\sample code\myproj\release\point3d.obj
c:\users\nabil\dropbox\esiee - in5i11\lecture 2\sample code\myproj\release\myproj.obj
c:\users\nabil\dropbox\esiee - in5i11\lecture 2\sample code\myproj\release\main.obj
c:\users\nabil\dropbox\esiee - in5i11\tp1\startingcode\myproj\release\myproj.pch
c:\users\nabil\dropbox\esiee - in5i11\tp1\startingcode\myproj\release\stdafx.obj
c:\users\nabil\dropbox\esiee - in5i11\tp1\startingcode\myproj\release\vc100.pdb
c:\users\nabil\dropbox\esiee - in5i11\tp1\startingcode\myproj\release\vector3d.obj
c:\users\nabil\dropbox\esiee - in5i11\tp1\startingcode\myproj\release\shaders.obj
c:\users\nabil\dropbox\esiee - in5i11\tp1\startingcode\myproj\release\point3d.obj
c:\users\nabil\dropbox\esiee - in5i11\tp1\startingcode\myproj\release\myproj.obj
c:\users\nabil\dropbox\esiee - in5i11\tp1\startingcode\myproj\release\main.obj
c:\users\nabil\dropbox\esiee - in5i11\mycode\tp3\release\myproj.exe
c:\users\nabil\dropbox\esiee - in5i11\mycode\tp3\myproj\release\myproj.exe.intermediate.manifest
c:\users\nabil\dropbox\esiee - in5i11\mycode\tp3\release\myproj.pdb
c:\users\nabil\dropbox\esiee - in5i11\mycode\tp4\release\myproj.exe
c:\users\nabil\dropbox\esiee - in5i11\mycode\tp4\myproj\release\myproj.exe.intermediate.manifest
c:\users\nabil\dropbox\esiee - in5i11\mycode\tp4\release\myproj.pdb
c:\users\nabil\dropbox\esiee - in5i11\mycode\tp4-(reading scenes, texture, shading)\release\myproj.exe
c:\users\nabil\dropbox\esiee - in5i11\mycode\tp4-(reading scenes, texture, shading)\myproj\release\myproj.exe.intermediate.manifest
c:\users\nabil\dropbox\esiee - in5i11\mycode\tp4-(reading scenes, texture, shading)\release\myproj.pdb
c:\users\nabil\dropbox\esiee - in5i11\lecture 1\sample code\release\myproj.exe
c:\users\nabil\dropbox\esiee - in5i11\lecture 1\sample code\myproj\release\myproj.exe.intermediate.manifest
c:\users\nabil\dropbox\esiee - in5i11\lecture 1\sample code\release\myproj.pdb
c:\users\nabil\dropbox\esiee - in5i11\lecture 2\sample code\release\myproj.exe
c:\users\nabil\dropbox\esiee - in5i11\lecture 2\sample code\myproj\release\myproj.exe.intermediate.manifest
c:\users\nabil\dropbox\esiee - in5i11\lecture 2\sample code\release\myproj.pdb
c:\users\nabil\dropbox\esiee - in5i11\tp1\startingcode\release\myproj.exe
c:\users\nabil\dropbox\esiee - in5i11\tp1\startingcode\myproj\release\myproj.exe.intermediate.manifest
c:\users\nabil\dropbox\esiee - in5i11\tp1\startingcode\release\myproj.pdb
e:\document\cours\cours e4-fi\cours_opengl\projet\opengl\startingcode_jw\myproj\release\myproj.pch
e:\document\cours\cours e4-fi\cours_opengl\projet\opengl\startingcode_jw\myproj\release\vc140.pdb
e:\document\cours\cours e4-fi\cours_opengl\projet\opengl\startingcode_jw\myproj\release\stdafx.obj
e:\document\cours\cours e4-fi\cours_opengl\projet\opengl\startingcode_jw\myproj\release\vector3d.obj
e:\document\cours\cours e4-fi\cours_opengl\projet\opengl\startingcode_jw\myproj\release\shaders.obj
e:\document\cours\cours e4-fi\cours_opengl\projet\opengl\startingcode_jw\myproj\release\point3d.obj
e:\document\cours\cours e4-fi\cours_opengl\projet\opengl\startingcode_jw\myproj\release\mytexture.obj
e:\document\cours\cours e4-fi\cours_opengl\projet\opengl\startingcode_jw\myproj\release\myproj.obj
e:\document\cours\cours e4-fi\cours_opengl\projet\opengl\startingcode_jw\myproj\release\mymaterial.obj
e:\document\cours\cours e4-fi\cours_opengl\projet\opengl\startingcode_jw\myproj\release\main.obj
e:\document\cours\cours e4-fi\cours_opengl\projet\opengl\startingcode_jw\myproj\release\myproj.vcxprojresolveassemblyreference.cache
e:\document\cours\cours e4-fi\cours_opengl\projet\opengl\startingcode_jw\myproj\release\cl.command.1.tlog
e:\document\cours\cours e4-fi\cours_opengl\projet\opengl\startingcode_jw\myproj\release\cl.read.1.tlog
e:\document\cours\cours e4-fi\cours_opengl\projet\opengl\startingcode_jw\myproj\release\cl.write.1.tlog
e:\document\cours\cours e4-fi\cours_opengl\projet\opengl\startingcode_jw\myproj\release\link.command.1.tlog
e:\document\cours\cours e4-fi\cours_opengl\projet\opengl\startingcode_jw\myproj\release\link.read.1.tlog
e:\document\cours\cours e4-fi\cours_opengl\projet\opengl\startingcode_jw\myproj\release\link.write.1.tlog
e:\document\cours\cours e4-fi\cours_opengl\projet\opengl\startingcode_jw\myproj\release\mt.command.1.tlog
e:\document\cours\cours e4-fi\cours_opengl\projet\opengl\startingcode_jw\myproj\release\mt.read.1.tlog
e:\document\cours\cours e4-fi\cours_opengl\projet\opengl\startingcode_jw\myproj\release\mt.write.1.tlog
e:\document\cours\cours e4-fi\cours_opengl\projet\opengl\startingcode_jw\myproj\release\myproj.write.1.tlog
e:\document\cours\cours e4-fi\cours_opengl\projet\opengl\startingcode_jw\myproj\release\myproj.exe.intermediate.manifest
e:\document\cours\cours e4-fi\cours_opengl\projet\opengl\startingcode_jw\myproj\release\vc100.pdb
e:\document\cours\cours e4-fi\cours_opengl\projet\opengl\startingcode_jw\release\myproj.pdb
e:\document\cours\cours e4-fi\cours_opengl\projet\opengl\startingcode_jw\myproj\release\myproj.tlog\cl.command.1.tlog
e:\document\cours\cours e4-fi\cours_opengl\projet\opengl\startingcode_jw\myproj\release\myproj.tlog\cl.read.1.tlog
e:\document\cours\cours e4-fi\cours_opengl\projet\opengl\startingcode_jw\myproj\release\myproj.tlog\cl.write.1.tlog
e:\document\cours\cours e4-fi\cours_opengl\projet\opengl\startingcode_jw\myproj\release\myproj.tlog\link-cvtres.read.1.tlog
e:\document\cours\cours e4-fi\cours_opengl\projet\opengl\startingcode_jw\myproj\release\myproj.tlog\link-cvtres.write.1.tlog
e:\document\cours\cours e4-fi\cours_opengl\projet\opengl\startingcode_jw\myproj\release\myproj.tlog\link-rc.read.1.tlog
e:\document\cours\cours e4-fi\cours_opengl\projet\opengl\startingcode_jw\myproj\release\myproj.tlog\link-rc.write.1.tlog
e:\document\cours\cours e4-fi\cours_opengl\projet\opengl\startingcode_jw\myproj\release\myproj.tlog\link.command.1.tlog
e:\document\cours\cours e4-fi\cours_opengl\projet\opengl\startingcode_jw\myproj\release\myproj.tlog\link.read.1.tlog
e:\document\cours\cours e4-fi\cours_opengl\projet\opengl\startingcode_jw\myproj\release\myproj.tlog\link.write.1.tlog
