  main.cpp
c:\users\student\source\repos\e4fi_opengl_project\opengl\startingcode_stencils\myproj\myObject3D.h(86): warning C4244: 'argument' : conversion de 'double' en 'const float', perte possible de données
c:\users\student\source\repos\e4fi_opengl_project\opengl\startingcode_stencils\myproj\myObject3D.h(87): warning C4244: 'argument' : conversion de 'double' en 'const float', perte possible de données
c:\users\student\source\repos\e4fi_opengl_project\opengl\startingcode_stencils\myproj\myObject3D.h(88): warning C4244: 'argument' : conversion de 'double' en 'const float', perte possible de données
c:\users\student\source\repos\e4fi_opengl_project\opengl\startingcode_stencils\myproj\myObject3D.h(138): warning C4244: '-=' : conversion de 'double' en 'float', perte possible de données
c:\users\student\source\repos\e4fi_opengl_project\opengl\startingcode_stencils\myproj\myObject3D.h(139): warning C4244: '-=' : conversion de 'double' en 'float', perte possible de données
c:\users\student\source\repos\e4fi_opengl_project\opengl\startingcode_stencils\myproj\myObject3D.h(140): warning C4244: '-=' : conversion de 'double' en 'float', perte possible de données
c:\users\student\source\repos\e4fi_opengl_project\opengl\startingcode_stencils\myproj\myObject3D.h(142): warning C4244: '/=' : conversion de 'double' en 'float', perte possible de données
c:\users\student\source\repos\e4fi_opengl_project\opengl\startingcode_stencils\myproj\myObject3D.h(143): warning C4244: '/=' : conversion de 'double' en 'float', perte possible de données
c:\users\student\source\repos\e4fi_opengl_project\opengl\startingcode_stencils\myproj\myObject3D.h(144): warning C4244: '/=' : conversion de 'double' en 'float', perte possible de données
c:\users\student\source\repos\e4fi_opengl_project\opengl\startingcode_stencils\myproj\myObject3D.h(170): warning C4244: '=' : conversion de 'double' en 'float', perte possible de données
c:\users\student\source\repos\e4fi_opengl_project\opengl\startingcode_stencils\myproj\myObject3D.h(171): warning C4244: '=' : conversion de 'double' en 'float', perte possible de données
c:\users\student\source\repos\e4fi_opengl_project\opengl\startingcode_stencils\myproj\myObject3D.h(172): warning C4244: '=' : conversion de 'double' en 'float', perte possible de données
c:\users\student\source\repos\e4fi_opengl_project\opengl\startingcode_stencils\myproj\myObject3D.h(235): warning C4018: '<' : incompatibilité signed/unsigned
c:\users\student\source\repos\e4fi_opengl_project\opengl\startingcode_stencils\myproj\myObject3D.h(240): warning C4244: 'argument' : conversion de 'double' en 'GLfloat', perte possible de données
c:\users\student\source\repos\e4fi_opengl_project\opengl\startingcode_stencils\myproj\myObject3D.h(289): warning C4244: '-=' : conversion de 'double' en 'float', perte possible de données
c:\users\student\source\repos\e4fi_opengl_project\opengl\startingcode_stencils\myproj\myObject3D.h(290): warning C4244: '-=' : conversion de 'double' en 'float', perte possible de données
c:\users\student\source\repos\e4fi_opengl_project\opengl\startingcode_stencils\myproj\myObject3D.h(291): warning C4244: '-=' : conversion de 'double' en 'float', perte possible de données
c:\users\student\source\repos\e4fi_opengl_project\opengl\startingcode_stencils\myproj\myObject3D.h(293): warning C4244: '/=' : conversion de 'double' en 'float', perte possible de données
c:\users\student\source\repos\e4fi_opengl_project\opengl\startingcode_stencils\myproj\myObject3D.h(294): warning C4244: '/=' : conversion de 'double' en 'float', perte possible de données
c:\users\student\source\repos\e4fi_opengl_project\opengl\startingcode_stencils\myproj\myObject3D.h(295): warning C4244: '/=' : conversion de 'double' en 'float', perte possible de données
c:\users\student\source\repos\e4fi_opengl_project\opengl\startingcode_stencils\myproj\myObject3D.h(325): warning C4101: 'k' : variable locale non référencée
c:\users\student\source\repos\e4fi_opengl_project\opengl\startingcode_stencils\myproj\myObject3D.h(387): warning C4244: '=' : conversion de 'double' en 'float', perte possible de données
c:\users\student\source\repos\e4fi_opengl_project\opengl\startingcode_stencils\myproj\myObject3D.h(391): warning C4244: '=' : conversion de 'double' en 'float', perte possible de données
c:\users\student\source\repos\e4fi_opengl_project\opengl\startingcode_stencils\myproj\myObject3D.h(395): warning C4244: '=' : conversion de 'double' en 'float', perte possible de données
c:\users\student\source\repos\e4fi_opengl_project\opengl\startingcode_stencils\myproj\myObject3D.h(412): warning C4244: 'argument' : conversion de 'double' en 'const float', perte possible de données
c:\users\student\source\repos\e4fi_opengl_project\opengl\startingcode_stencils\myproj\myObject3D.h(413): warning C4244: 'argument' : conversion de 'double' en 'const float', perte possible de données
c:\users\student\source\repos\e4fi_opengl_project\opengl\startingcode_stencils\myproj\myObject3D.h(414): warning C4244: 'argument' : conversion de 'double' en 'const float', perte possible de données
c:\users\student\source\repos\e4fi_opengl_project\opengl\startingcode_stencils\myproj\myObject3D.h(426): warning C4244: 'argument' : conversion de 'double' en 'const float', perte possible de données
c:\users\student\source\repos\e4fi_opengl_project\opengl\startingcode_stencils\myproj\myObject3D.h(427): warning C4244: 'argument' : conversion de 'double' en 'const float', perte possible de données
c:\users\student\source\repos\e4fi_opengl_project\opengl\startingcode_stencils\myproj\myObject3D.h(490): warning C4018: '<' : incompatibilité signed/unsigned
c:\users\student\source\repos\e4fi_opengl_project\opengl\startingcode_stencils\myproj\myObject3D.h(592): warning C4018: '<' : incompatibilité signed/unsigned
c:\users\student\source\repos\e4fi_opengl_project\opengl\startingcode_stencils\myproj\myObject3D.h(658): warning C4018: '<' : incompatibilité signed/unsigned
c:\users\student\source\repos\e4fi_opengl_project\opengl\startingcode_stencils\myproj\myObject3D.h(699): warning C4244: '=' : conversion de 'double' en 'float', perte possible de données
c:\users\student\source\repos\e4fi_opengl_project\opengl\startingcode_stencils\myproj\myObject3D.h(700): warning C4244: '=' : conversion de 'double' en 'float', perte possible de données
c:\users\student\source\repos\e4fi_opengl_project\opengl\startingcode_stencils\myproj\myObject3D.h(711): warning C4244: 'initialisation' : conversion de 'float' en 'int', perte possible de données
c:\users\student\source\repos\e4fi_opengl_project\opengl\startingcode_stencils\myproj\myObject3D.h(716): warning C4244: '=' : conversion de 'double' en 'float', perte possible de données
c:\users\student\source\repos\e4fi_opengl_project\opengl\startingcode_stencils\myproj\myObject3D.h(730): warning C4244: '=' : conversion de 'double' en 'float', perte possible de données
c:\users\student\source\repos\e4fi_opengl_project\opengl\startingcode_stencils\myproj\myObject3D.h(731): warning C4244: '=' : conversion de 'double' en 'float', perte possible de données
c:\users\student\source\repos\e4fi_opengl_project\opengl\startingcode_stencils\myproj\myObject3D.h(743): warning C4018: '<' : incompatibilité signed/unsigned
c:\users\student\source\repos\e4fi_opengl_project\opengl\startingcode_stencils\myproj\myObject3D.h(761): warning C4244: '=' : conversion de 'double' en 'float', perte possible de données
c:\users\student\source\repos\e4fi_opengl_project\opengl\startingcode_stencils\myproj\myObject3D.h(762): warning C4244: '=' : conversion de 'double' en 'float', perte possible de données
c:\users\student\source\repos\e4fi_opengl_project\opengl\startingcode_stencils\myproj\myObject3D.h(795): warning C4244: 'argument' : conversion de 'double' en 'GLfloat', perte possible de données
c:\users\student\source\repos\e4fi_opengl_project\opengl\startingcode_stencils\myproj\myObject3D.h(798): warning C4244: 'argument' : conversion de 'double' en 'GLfloat', perte possible de données
c:\users\student\source\repos\e4fi_opengl_project\opengl\startingcode_stencils\myproj\myObject3D.h(806): warning C4244: 'argument' : conversion de 'double' en 'GLfloat', perte possible de données
c:\users\student\source\repos\e4fi_opengl_project\opengl\startingcode_stencils\myproj\myLight.h(31): warning C4244: 'argument' : conversion de 'double' en 'GLfloat', perte possible de données
main.cpp(30): warning C4305: 'initialisation' : troncation de 'double' à 'float'
main.cpp(67): warning C4305: 'initialisation' : troncation de 'double' à 'float'
main.cpp(68): warning C4305: 'initialisation' : troncation de 'double' à 'float'
main.cpp(141): warning C4244: '=' : conversion de 'double' en 'float', perte possible de données
main.cpp(282): warning C4244: '=' : conversion de 'double' en 'float', perte possible de données
main.cpp(302): warning C4244: '=' : conversion de 'double' en 'float', perte possible de données
main.cpp(688): warning C4244: 'argument' : conversion de 'GLfloat' en 'const int', perte possible de données
main.cpp(702): warning C4305: 'argument' : troncation de 'double' à 'GLclampf'
main.cpp(710): warning C4244: '=' : conversion de 'double' en 'float', perte possible de données
main.cpp(735): warning C4244: '=' : conversion de 'double' en 'float', perte possible de données
  GLM: perspective function taking degrees as a parameter is deprecated. #define GLM_FORCE_RADIANS before including GLM headers to remove this message.
  GLM: rotate function taking degrees as a parameter is deprecated. #define GLM_FORCE_RADIANS before including GLM headers to remove this message.
LINK : warning LNK4067: point d'entrée ambigu ; 'mainCRTStartup' sélectionné
  Génération de code en cours
  2 of 753 functions ( 0.3%) were compiled, the rest were copied from previous compilation.
    0 functions were new in current compilation
    0 functions had inline decision re-evaluated but remain unchanged
  Fin de la génération du code
  myproj.vcxproj -> C:\Users\student\Source\Repos\E4FI_OpenGL_Project\openGL\startingcode_stencils\Release\myproj.exe
