C:\USERS\NABIL\DROPBOX\ESIEE - IN4I24\TP1\STARTINGCODE\MYPROJ\DEBUG\MYPROJ.PCH
C:\USERS\NABIL\DROPBOX\ESIEE - IN4I24\TP1\STARTINGCODE\MYPROJ\DEBUG\STDAFX.OBJ
C:\USERS\NABIL\DROPBOX\ESIEE - IN4I24\TP1\STARTINGCODE\MYPROJ\DEBUG\VC110.PDB
C:\USERS\NABIL\DROPBOX\ESIEE - IN4I24\TP1\STARTINGCODE\MYPROJ\DEBUG\MAIN.OBJ
C:\USERS\NABIL\DROPBOX\ESIEE - IN4I24\TP1\STARTINGCODE\MYPROJ\DEBUG\MYPROJ.OBJ
C:\USERS\NABIL\DROPBOX\ESIEE - IN4I24\TP1\STARTINGCODE\MYPROJ\DEBUG\POINT3D.OBJ
C:\USERS\NABIL\DROPBOX\ESIEE - IN4I24\TP1\STARTINGCODE\MYPROJ\DEBUG\SHADERS.OBJ
C:\USERS\NABIL\DROPBOX\ESIEE - IN4I24\TP1\STARTINGCODE\MYPROJ\DEBUG\VECTOR3D.OBJ
C:\USERS\NABIL\DROPBOX\ESIEE - IN4I24-16\TP1\STARTINGCODE\MYPROJ\DEBUG\MYPROJ.PCH
C:\USERS\NABIL\DROPBOX\ESIEE - IN4I24-16\TP1\STARTINGCODE\MYPROJ\DEBUG\STDAFX.OBJ
C:\USERS\NABIL\DROPBOX\ESIEE - IN4I24-16\TP1\STARTINGCODE\MYPROJ\DEBUG\VC110.PDB
C:\USERS\NABIL\DROPBOX\ESIEE - IN4I24-16\TP1\STARTINGCODE\MYPROJ\DEBUG\MAIN.OBJ
C:\USERS\NABIL\DROPBOX\ESIEE - IN4I24-16\TP1\STARTINGCODE\MYPROJ\DEBUG\MYPROJ.OBJ
C:\USERS\NABIL\DROPBOX\ESIEE - IN4I24-16\TP1\STARTINGCODE\MYPROJ\DEBUG\POINT3D.OBJ
C:\USERS\NABIL\DROPBOX\ESIEE - IN4I24-16\TP1\STARTINGCODE\MYPROJ\DEBUG\SHADERS.OBJ
C:\USERS\NABIL\DROPBOX\ESIEE - IN4I24-16\TP1\STARTINGCODE\MYPROJ\DEBUG\VECTOR3D.OBJ
C:\USERS\NABIL\DROPBOX\ESIEE - IN4I24\TP1\STARTINGCODE\DEBUG\MYPROJ.ILK
C:\USERS\NABIL\DROPBOX\ESIEE - IN4I24\TP1\STARTINGCODE\DEBUG\MYPROJ.EXE
C:\USERS\NABIL\DROPBOX\ESIEE - IN4I24\TP1\STARTINGCODE\DEBUG\MYPROJ.PDB
C:\USERS\NABIL\DROPBOX\ESIEE - IN4I24-16\TP1\STARTINGCODE\DEBUG\MYPROJ.ILK
C:\USERS\NABIL\DROPBOX\ESIEE - IN4I24-16\TP1\STARTINGCODE\DEBUG\MYPROJ.EXE
C:\USERS\NABIL\DROPBOX\ESIEE - IN4I24-16\TP1\STARTINGCODE\DEBUG\MYPROJ.PDB
C:\Users\nabil\Dropbox\ESIEE - IN4I24-16\TP1\startingcode\myproj\Debug\main.obj
C:\Users\nabil\Dropbox\ESIEE - IN4I24-16\TP1\startingcode\myproj\Debug\myproj.obj
C:\Users\nabil\Dropbox\ESIEE - IN4I24-16\TP1\startingcode\myproj\Debug\point3d.obj
C:\Users\nabil\Dropbox\ESIEE - IN4I24-16\TP1\startingcode\myproj\Debug\shaders.obj
C:\Users\nabil\Dropbox\ESIEE - IN4I24-16\TP1\startingcode\myproj\Debug\stdafx.obj
C:\Users\nabil\Dropbox\ESIEE - IN4I24-16\TP1\startingcode\myproj\Debug\vector3d.obj
C:\Users\nabil\Dropbox\ESIEE - IN4I24-16\TP1\startingcode\myproj\Debug\cl.command.1.tlog
C:\Users\nabil\Dropbox\ESIEE - IN4I24-16\TP1\startingcode\myproj\Debug\CL.read.1.tlog
C:\Users\nabil\Dropbox\ESIEE - IN4I24-16\TP1\startingcode\myproj\Debug\CL.write.1.tlog
C:\Users\nabil\Dropbox\ESIEE - IN4I24-16\TP1\startingcode\myproj\Debug\link-cvtres.read.1.tlog
C:\Users\nabil\Dropbox\ESIEE - IN4I24-16\TP1\startingcode\myproj\Debug\link-cvtres.write.1.tlog
C:\Users\nabil\Dropbox\ESIEE - IN4I24-16\TP1\startingcode\myproj\Debug\link-rc.read.1.tlog
C:\Users\nabil\Dropbox\ESIEE - IN4I24-16\TP1\startingcode\myproj\Debug\link-rc.write.1.tlog
C:\Users\nabil\Dropbox\ESIEE - IN4I24-16\TP1\startingcode\myproj\Debug\link.command.1.tlog
C:\Users\nabil\Dropbox\ESIEE - IN4I24-16\TP1\startingcode\myproj\Debug\link.read.1.tlog
C:\Users\nabil\Dropbox\ESIEE - IN4I24-16\TP1\startingcode\myproj\Debug\link.write.1.tlog
C:\Users\nabil\Dropbox\ESIEE - IN4I24-16\TP1\startingcode\myproj\Debug\myproj.pch
C:\Users\nabil\Dropbox\ESIEE - IN4I24-16\TP1\startingcode\myproj\Debug\vc110.idb
C:\Users\nabil\Dropbox\ESIEE - IN4I24-16\TP1\startingcode\myproj\Debug\vc120.idb
C:\Users\nabil\Dropbox\ESIEE - IN4I24-16\TP1\startingcode\myproj\Debug\vc110.pdb
C:\Users\nabil\Dropbox\ESIEE - IN4I24-16\TP1\startingcode\myproj\Debug\vc120.pdb
C:\Users\nabil\Dropbox\ESIEE - IN4I24-16\TP1\startingcode\Debug\myproj.pdb
C:\Users\nabil\Dropbox\ESIEE - IN4I24-16\TP1\startingcode\Debug\myproj.exe
C:\Users\nabil\Dropbox\ESIEE - IN4I24-16\TP1\startingcode\Debug\myproj.ilk
