La génération a démarré 16/04/2016 22:47:13.
     1>Projet "C:\Users\BANH\Desktop\OpenGL - Mustafa\TPs\startingcode (Back_up_08_04_2016) 3.5\myproj\myproj.vcxproj" sur le nœud 2 (Build cible(s)).
     1>ClCompile:
         C:\Program Files (x86)\Microsoft Visual Studio 11.0\VC\bin\CL.exe /c /ZI /nologo /W3 /WX- /Od /Oy- /D WIN32 /D _DEBUG /D _CONSOLE /D _UNICODE /D UNICODE /Gm /EHsc /RTC1 /MDd /GS /fp:precise /Zc:wchar_t /Zc:forScope /Yc"stdafx.h" /Fp"Debug\myproj.pch" /Fo"Debug\\" /Fd"Debug\vc110.pdb" /Gd /TP /analyze- /errorReport:prompt stdafx.cpp
         stdafx.cpp
         C:\Program Files (x86)\Microsoft Visual Studio 11.0\VC\bin\CL.exe /c /ZI /nologo /W3 /WX- /Od /Oy- /D WIN32 /D _DEBUG /D _CONSOLE /D _UNICODE /D UNICODE /Gm /EHsc /RTC1 /MDd /GS /fp:precise /Zc:wchar_t /Zc:forScope /Yu"stdafx.h" /Fp"Debug\myproj.pch" /Fo"Debug\\" /Fd"Debug\vc110.pdb" /Gd /TP /analyze- /errorReport:prompt main.cpp myproj.cpp point3d.cpp shaders.cpp vector3d.cpp
         vector3d.cpp
         shaders.cpp
     1>c:\users\banh\desktop\opengl - mustafa\tps\startingcode (back_up_08_04_2016) 3.5\myproj\shaders.cpp(64): warning C4996: 'strcpy': This function or variable may be unsafe. Consider using strcpy_s instead. To disable deprecation, use _CRT_SECURE_NO_WARNINGS. See online help for details.
                 c:\program files (x86)\microsoft visual studio 11.0\vc\include\string.h(110) : voir la déclaration de 'strcpy'
         point3d.cpp
         myproj.cpp
         main.cpp
     1>c:\users\banh\desktop\opengl - mustafa\tps\startingcode (back_up_08_04_2016) 3.5\myproj\myobject3d.h(63): warning C4244: 'argument' : conversion de 'double' en 'const float', perte possible de données
     1>c:\users\banh\desktop\opengl - mustafa\tps\startingcode (back_up_08_04_2016) 3.5\myproj\myobject3d.h(64): warning C4244: 'argument' : conversion de 'double' en 'const float', perte possible de données
     1>c:\users\banh\desktop\opengl - mustafa\tps\startingcode (back_up_08_04_2016) 3.5\myproj\myobject3d.h(65): warning C4244: 'argument' : conversion de 'double' en 'const float', perte possible de données
     1>c:\users\banh\desktop\opengl - mustafa\tps\startingcode (back_up_08_04_2016) 3.5\myproj\myobject3d.h(115): warning C4244: '-=' : conversion de 'double' en 'float', perte possible de données
     1>c:\users\banh\desktop\opengl - mustafa\tps\startingcode (back_up_08_04_2016) 3.5\myproj\myobject3d.h(116): warning C4244: '-=' : conversion de 'double' en 'float', perte possible de données
     1>c:\users\banh\desktop\opengl - mustafa\tps\startingcode (back_up_08_04_2016) 3.5\myproj\myobject3d.h(117): warning C4244: '-=' : conversion de 'double' en 'float', perte possible de données
     1>c:\users\banh\desktop\opengl - mustafa\tps\startingcode (back_up_08_04_2016) 3.5\myproj\myobject3d.h(119): warning C4244: '/=' : conversion de 'double' en 'float', perte possible de données
     1>c:\users\banh\desktop\opengl - mustafa\tps\startingcode (back_up_08_04_2016) 3.5\myproj\myobject3d.h(120): warning C4244: '/=' : conversion de 'double' en 'float', perte possible de données
     1>c:\users\banh\desktop\opengl - mustafa\tps\startingcode (back_up_08_04_2016) 3.5\myproj\myobject3d.h(121): warning C4244: '/=' : conversion de 'double' en 'float', perte possible de données
     1>c:\users\banh\desktop\opengl - mustafa\tps\startingcode (back_up_08_04_2016) 3.5\myproj\myobject3d.h(147): warning C4244: '=' : conversion de 'double' en 'float', perte possible de données
     1>c:\users\banh\desktop\opengl - mustafa\tps\startingcode (back_up_08_04_2016) 3.5\myproj\myobject3d.h(148): warning C4244: '=' : conversion de 'double' en 'float', perte possible de données
     1>c:\users\banh\desktop\opengl - mustafa\tps\startingcode (back_up_08_04_2016) 3.5\myproj\myobject3d.h(149): warning C4244: '=' : conversion de 'double' en 'float', perte possible de données
     1>c:\users\banh\desktop\opengl - mustafa\tps\startingcode (back_up_08_04_2016) 3.5\myproj\myobject3d.h(225): warning C4018: '<' : incompatibilité signed/unsigned
     1>c:\users\banh\desktop\opengl - mustafa\tps\startingcode (back_up_08_04_2016) 3.5\myproj\myobject3d.h(230): warning C4244: 'argument' : conversion de 'double' en 'GLfloat', perte possible de données
     1>c:\users\banh\desktop\opengl - mustafa\tps\startingcode (back_up_08_04_2016) 3.5\myproj\mylight.h(31): warning C4244: 'argument' : conversion de 'double' en 'GLfloat', perte possible de données
     1>c:\users\banh\desktop\opengl - mustafa\tps\startingcode (back_up_08_04_2016) 3.5\myproj\main.cpp(37): warning C4305: 'initialisation' : troncation de 'double' à 'float'
     1>c:\users\banh\desktop\opengl - mustafa\tps\startingcode (back_up_08_04_2016) 3.5\myproj\main.cpp(204): warning C4244: 'argument' : conversion de 'GLfloat' en 'const int', perte possible de données
     1>c:\users\banh\desktop\opengl - mustafa\tps\startingcode (back_up_08_04_2016) 3.5\myproj\main.cpp(269): warning C4305: 'argument' : troncation de 'double' à 'GLclampf'
         GLM: perspective function taking degrees as a parameter is deprecated. #define GLM_FORCE_RADIANS before including GLM headers to remove this message.
         GLM: rotate function taking degrees as a parameter is deprecated. #define GLM_FORCE_RADIANS before including GLM headers to remove this message.
         Génération de code en cours...
       Link:
         C:\Program Files (x86)\Microsoft Visual Studio 11.0\VC\bin\link.exe /ERRORREPORT:PROMPT /OUT:"C:\Users\BANH\Desktop\OpenGL - Mustafa\TPs\startingcode (Back_up_08_04_2016) 3.5\Debug\myproj.exe" /INCREMENTAL /NOLOGO freeglut.lib glu32.lib opengl32.lib glew32.lib kernel32.lib user32.lib gdi32.lib winspool.lib comdlg32.lib advapi32.lib shell32.lib ole32.lib oleaut32.lib uuid.lib odbc32.lib odbccp32.lib /MANIFEST /MANIFESTUAC:"level='asInvoker' uiAccess='false'" /manifest:embed /DEBUG /PDB:"C:\Users\BANH\Desktop\OpenGL - Mustafa\TPs\startingcode (Back_up_08_04_2016) 3.5\Debug\myproj.pdb" /SUBSYSTEM:CONSOLE /TLBID:1 /DYNAMICBASE /NXCOMPAT /IMPLIB:"C:\Users\BANH\Desktop\OpenGL - Mustafa\TPs\startingcode (Back_up_08_04_2016) 3.5\Debug\myproj.lib" /MACHINE:X86 Debug\main.obj
         Debug\myproj.obj
         Debug\point3d.obj
         Debug\shaders.obj
         Debug\stdafx.obj
         Debug\vector3d.obj
     1>LINK : warning LNK4067: point d'entrée ambigu ; 'mainCRTStartup' sélectionné
         myproj.vcxproj -> C:\Users\BANH\Desktop\OpenGL - Mustafa\TPs\startingcode (Back_up_08_04_2016) 3.5\Debug\myproj.exe
     1>Génération du projet "C:\Users\BANH\Desktop\OpenGL - Mustafa\TPs\startingcode (Back_up_08_04_2016) 3.5\myproj\myproj.vcxproj" terminée (Build cible(s)).

La génération a réussi.

Temps écoulé 00:00:04.41
